"is_built_lib_yj_scripts_common" "true"
"built_lib_yj_scripts_common" "/home/cpiccion/workspace/yj-scripts/_build/bin/yj_scripts_common.cmt"
"built_lib_yj_scripts_common" "/home/cpiccion/workspace/yj-scripts/_build/bin/yj_scripts_common.cmi"
"built_lib_yj_scripts_common" "/home/cpiccion/workspace/yj-scripts/_build/bin/yj_scripts_common.cma"
"built_lib_yj_scripts_common" "/home/cpiccion/workspace/yj-scripts/_build/bin/yj_scripts_common.cmxa"
"built_lib_yj_scripts_common" "/home/cpiccion/workspace/yj-scripts/_build/bin/yj_scripts_common.a"
"built_lib_yj_scripts_common" "/home/cpiccion/workspace/yj-scripts/_build/bin/yj_scripts_common.cmt"
"built_lib_yj_scripts_common" "/home/cpiccion/workspace/yj-scripts/_build/bin/yj_scripts_common.cmi"
"built_lib_yj_scripts_common" "/home/cpiccion/workspace/yj-scripts/_build/bin/yj_scripts_common.cmxs"
"built_lib_yj_scripts_common" "/home/cpiccion/workspace/yj-scripts/_build/bin/shell_utils.cmt"
"built_lib_yj_scripts_common" "/home/cpiccion/workspace/yj-scripts/_build/bin/shell_utils.annot"
"built_lib_yj_scripts_common" "/home/cpiccion/workspace/yj-scripts/_build/bin/yj_scripts_common.cmx"
"built_lib_yj_scripts_common" "/home/cpiccion/workspace/yj-scripts/_build/bin/yj_scripts_common.cmx"
"is_built_exec_git_clean_repo" "true"
"built_exec_git_clean_repo" "/home/cpiccion/workspace/yj-scripts/_build/bin/git_repo_clean.byte"
"is_built_lib_yj_scripts_common" "true"
"built_lib_yj_scripts_common" "/home/cpiccion/workspace/yj-scripts/_build/bin/yj_scripts_common.cmt"
"built_lib_yj_scripts_common" "/home/cpiccion/workspace/yj-scripts/_build/bin/yj_scripts_common.cmi"
"built_lib_yj_scripts_common" "/home/cpiccion/workspace/yj-scripts/_build/bin/yj_scripts_common.cma"
"built_lib_yj_scripts_common" "/home/cpiccion/workspace/yj-scripts/_build/bin/yj_scripts_common.cmxa"
"built_lib_yj_scripts_common" "/home/cpiccion/workspace/yj-scripts/_build/bin/yj_scripts_common.a"
"built_lib_yj_scripts_common" "/home/cpiccion/workspace/yj-scripts/_build/bin/yj_scripts_common.cmt"
"built_lib_yj_scripts_common" "/home/cpiccion/workspace/yj-scripts/_build/bin/yj_scripts_common.cmi"
"built_lib_yj_scripts_common" "/home/cpiccion/workspace/yj-scripts/_build/bin/yj_scripts_common.cmxs"
"built_lib_yj_scripts_common" "/home/cpiccion/workspace/yj-scripts/_build/bin/shell_utils.cmt"
"built_lib_yj_scripts_common" "/home/cpiccion/workspace/yj-scripts/_build/bin/shell_utils.annot"
"built_lib_yj_scripts_common" "/home/cpiccion/workspace/yj-scripts/_build/bin/yj_scripts_common.cmx"
"built_lib_yj_scripts_common" "/home/cpiccion/workspace/yj-scripts/_build/bin/yj_scripts_common.cmx"
"is_built_exec_git_clean_repo" "true"
"built_exec_git_clean_repo" "/home/cpiccion/workspace/yj-scripts/_build/bin/git_repo_clean.byte"
"is_built_lib_yj_scripts_common" "true"
"built_lib_yj_scripts_common" "/home/cpiccion/workspace/yj-scripts/_build/bin/yj_scripts_common.cmt"
"built_lib_yj_scripts_common" "/home/cpiccion/workspace/yj-scripts/_build/bin/yj_scripts_common.cmi"
"built_lib_yj_scripts_common" "/home/cpiccion/workspace/yj-scripts/_build/bin/yj_scripts_common.cma"
"built_lib_yj_scripts_common" "/home/cpiccion/workspace/yj-scripts/_build/bin/yj_scripts_common.cmxa"
"built_lib_yj_scripts_common" "/home/cpiccion/workspace/yj-scripts/_build/bin/yj_scripts_common.a"
"built_lib_yj_scripts_common" "/home/cpiccion/workspace/yj-scripts/_build/bin/yj_scripts_common.cmt"
"built_lib_yj_scripts_common" "/home/cpiccion/workspace/yj-scripts/_build/bin/yj_scripts_common.cmi"
"built_lib_yj_scripts_common" "/home/cpiccion/workspace/yj-scripts/_build/bin/yj_scripts_common.cmxs"
"built_lib_yj_scripts_common" "/home/cpiccion/workspace/yj-scripts/_build/bin/shell_utils.cmt"
"built_lib_yj_scripts_common" "/home/cpiccion/workspace/yj-scripts/_build/bin/shell_utils.annot"
"built_lib_yj_scripts_common" "/home/cpiccion/workspace/yj-scripts/_build/bin/yj_scripts_common.cmx"
"built_lib_yj_scripts_common" "/home/cpiccion/workspace/yj-scripts/_build/bin/yj_scripts_common.cmx"
"is_built_exec_git_clean_repo" "true"
"built_exec_git_clean_repo" "/home/cpiccion/workspace/yj-scripts/_build/bin/git_repo_clean.byte"
"is_built_lib_yj_scripts_common" "true"
"built_lib_yj_scripts_common" "/home/cpiccion/workspace/yj-scripts/_build/bin/yj_scripts_common.cmt"
"built_lib_yj_scripts_common" "/home/cpiccion/workspace/yj-scripts/_build/bin/yj_scripts_common.cmi"
"built_lib_yj_scripts_common" "/home/cpiccion/workspace/yj-scripts/_build/bin/yj_scripts_common.cma"
"built_lib_yj_scripts_common" "/home/cpiccion/workspace/yj-scripts/_build/bin/yj_scripts_common.cmxa"
"built_lib_yj_scripts_common" "/home/cpiccion/workspace/yj-scripts/_build/bin/yj_scripts_common.a"
"built_lib_yj_scripts_common" "/home/cpiccion/workspace/yj-scripts/_build/bin/yj_scripts_common.cmt"
"built_lib_yj_scripts_common" "/home/cpiccion/workspace/yj-scripts/_build/bin/yj_scripts_common.cmi"
"built_lib_yj_scripts_common" "/home/cpiccion/workspace/yj-scripts/_build/bin/yj_scripts_common.cmxs"
"built_lib_yj_scripts_common" "/home/cpiccion/workspace/yj-scripts/_build/bin/shell_utils.cmt"
"built_lib_yj_scripts_common" "/home/cpiccion/workspace/yj-scripts/_build/bin/shell_utils.annot"
"built_lib_yj_scripts_common" "/home/cpiccion/workspace/yj-scripts/_build/bin/yj_scripts_common.cmx"
"built_lib_yj_scripts_common" "/home/cpiccion/workspace/yj-scripts/_build/bin/yj_scripts_common.cmx"
"is_built_exec_git_clean_repo" "true"
"built_exec_git_clean_repo" "/home/cpiccion/workspace/yj-scripts/_build/bin/git_repo_clean.byte"
"is_built_lib_yj_scripts_common" "true"
"built_lib_yj_scripts_common" "/home/cpiccion/workspace/yj-scripts/_build/bin/yj_scripts_common.cmt"
"built_lib_yj_scripts_common" "/home/cpiccion/workspace/yj-scripts/_build/bin/yj_scripts_common.cmi"
"built_lib_yj_scripts_common" "/home/cpiccion/workspace/yj-scripts/_build/bin/yj_scripts_common.cma"
"built_lib_yj_scripts_common" "/home/cpiccion/workspace/yj-scripts/_build/bin/yj_scripts_common.cmxa"
"built_lib_yj_scripts_common" "/home/cpiccion/workspace/yj-scripts/_build/bin/yj_scripts_common.a"
"built_lib_yj_scripts_common" "/home/cpiccion/workspace/yj-scripts/_build/bin/yj_scripts_common.cmt"
"built_lib_yj_scripts_common" "/home/cpiccion/workspace/yj-scripts/_build/bin/yj_scripts_common.cmi"
"built_lib_yj_scripts_common" "/home/cpiccion/workspace/yj-scripts/_build/bin/yj_scripts_common.cmxs"
"built_lib_yj_scripts_common" "/home/cpiccion/workspace/yj-scripts/_build/bin/shell_utils.cmt"
"built_lib_yj_scripts_common" "/home/cpiccion/workspace/yj-scripts/_build/bin/shell_utils.annot"
"built_lib_yj_scripts_common" "/home/cpiccion/workspace/yj-scripts/_build/bin/yj_scripts_common.cmx"
"built_lib_yj_scripts_common" "/home/cpiccion/workspace/yj-scripts/_build/bin/yj_scripts_common.cmx"
"is_built_exec_git_clean_repo" "true"
"built_exec_git_clean_repo" "/home/cpiccion/workspace/yj-scripts/_build/bin/git_repo_clean.byte"
"is_built_lib_yj_scripts_common" "true"
"built_lib_yj_scripts_common" "/home/cpiccion/workspace/yj-scripts/_build/bin/yj_scripts_common.cmt"
"built_lib_yj_scripts_common" "/home/cpiccion/workspace/yj-scripts/_build/bin/yj_scripts_common.cmi"
"built_lib_yj_scripts_common" "/home/cpiccion/workspace/yj-scripts/_build/bin/yj_scripts_common.cma"
"built_lib_yj_scripts_common" "/home/cpiccion/workspace/yj-scripts/_build/bin/yj_scripts_common.cmxa"
"built_lib_yj_scripts_common" "/home/cpiccion/workspace/yj-scripts/_build/bin/yj_scripts_common.a"
"built_lib_yj_scripts_common" "/home/cpiccion/workspace/yj-scripts/_build/bin/yj_scripts_common.cmt"
"built_lib_yj_scripts_common" "/home/cpiccion/workspace/yj-scripts/_build/bin/yj_scripts_common.cmi"
"built_lib_yj_scripts_common" "/home/cpiccion/workspace/yj-scripts/_build/bin/yj_scripts_common.cmxs"
"built_lib_yj_scripts_common" "/home/cpiccion/workspace/yj-scripts/_build/bin/shell_utils.cmt"
"built_lib_yj_scripts_common" "/home/cpiccion/workspace/yj-scripts/_build/bin/shell_utils.annot"
"built_lib_yj_scripts_common" "/home/cpiccion/workspace/yj-scripts/_build/bin/yj_scripts_common.cmx"
"built_lib_yj_scripts_common" "/home/cpiccion/workspace/yj-scripts/_build/bin/yj_scripts_common.cmx"
"is_built_exec_git_clean_repo" "true"
"built_exec_git_clean_repo" "/home/cpiccion/workspace/yj-scripts/_build/bin/git_repo_clean.byte"
"is_built_lib_yj_scripts_common" "true"
"built_lib_yj_scripts_common" "/home/cpiccion/workspace/yj-scripts/_build/bin/yj_scripts_common.cmt"
"built_lib_yj_scripts_common" "/home/cpiccion/workspace/yj-scripts/_build/bin/yj_scripts_common.cmi"
"built_lib_yj_scripts_common" "/home/cpiccion/workspace/yj-scripts/_build/bin/yj_scripts_common.cma"
"built_lib_yj_scripts_common" "/home/cpiccion/workspace/yj-scripts/_build/bin/yj_scripts_common.cmxa"
"built_lib_yj_scripts_common" "/home/cpiccion/workspace/yj-scripts/_build/bin/yj_scripts_common.a"
"built_lib_yj_scripts_common" "/home/cpiccion/workspace/yj-scripts/_build/bin/yj_scripts_common.cmt"
"built_lib_yj_scripts_common" "/home/cpiccion/workspace/yj-scripts/_build/bin/yj_scripts_common.cmi"
"built_lib_yj_scripts_common" "/home/cpiccion/workspace/yj-scripts/_build/bin/yj_scripts_common.cmxs"
"built_lib_yj_scripts_common" "/home/cpiccion/workspace/yj-scripts/_build/bin/shell_utils.cmt"
"built_lib_yj_scripts_common" "/home/cpiccion/workspace/yj-scripts/_build/bin/shell_utils.annot"
"built_lib_yj_scripts_common" "/home/cpiccion/workspace/yj-scripts/_build/bin/yj_scripts_common.cmx"
"built_lib_yj_scripts_common" "/home/cpiccion/workspace/yj-scripts/_build/bin/yj_scripts_common.cmx"
"is_built_exec_git_clean_repo" "true"
"built_exec_git_clean_repo" "/home/cpiccion/workspace/yj-scripts/_build/bin/git_repo_clean.byte"
"is_built_lib_yj_scripts_common" "true"
"built_lib_yj_scripts_common" "/home/cpiccion/workspace/yj-scripts/_build/bin/yj_scripts_common.cmt"
"built_lib_yj_scripts_common" "/home/cpiccion/workspace/yj-scripts/_build/bin/yj_scripts_common.cmi"
"built_lib_yj_scripts_common" "/home/cpiccion/workspace/yj-scripts/_build/bin/yj_scripts_common.cma"
"built_lib_yj_scripts_common" "/home/cpiccion/workspace/yj-scripts/_build/bin/yj_scripts_common.cmxa"
"built_lib_yj_scripts_common" "/home/cpiccion/workspace/yj-scripts/_build/bin/yj_scripts_common.a"
"built_lib_yj_scripts_common" "/home/cpiccion/workspace/yj-scripts/_build/bin/yj_scripts_common.cmt"
"built_lib_yj_scripts_common" "/home/cpiccion/workspace/yj-scripts/_build/bin/yj_scripts_common.cmi"
"built_lib_yj_scripts_common" "/home/cpiccion/workspace/yj-scripts/_build/bin/yj_scripts_common.cmxs"
"built_lib_yj_scripts_common" "/home/cpiccion/workspace/yj-scripts/_build/bin/shell_utils.cmt"
"built_lib_yj_scripts_common" "/home/cpiccion/workspace/yj-scripts/_build/bin/shell_utils.annot"
"built_lib_yj_scripts_common" "/home/cpiccion/workspace/yj-scripts/_build/bin/yj_scripts_common.cmx"
"built_lib_yj_scripts_common" "/home/cpiccion/workspace/yj-scripts/_build/bin/yj_scripts_common.cmx"
"is_built_exec_git_clean_repo" "true"
"built_exec_git_clean_repo" "/home/cpiccion/workspace/yj-scripts/_build/bin/git_repo_clean.byte"
"is_built_lib_yj_scripts_common" "true"
"built_lib_yj_scripts_common" "/home/cpiccion/workspace/yj-scripts/_build/bin/yj_scripts_common.cmt"
"built_lib_yj_scripts_common" "/home/cpiccion/workspace/yj-scripts/_build/bin/yj_scripts_common.cmi"
"built_lib_yj_scripts_common" "/home/cpiccion/workspace/yj-scripts/_build/bin/yj_scripts_common.cma"
"built_lib_yj_scripts_common" "/home/cpiccion/workspace/yj-scripts/_build/bin/yj_scripts_common.cmxa"
"built_lib_yj_scripts_common" "/home/cpiccion/workspace/yj-scripts/_build/bin/yj_scripts_common.a"
"built_lib_yj_scripts_common" "/home/cpiccion/workspace/yj-scripts/_build/bin/yj_scripts_common.cmt"
"built_lib_yj_scripts_common" "/home/cpiccion/workspace/yj-scripts/_build/bin/yj_scripts_common.cmi"
"built_lib_yj_scripts_common" "/home/cpiccion/workspace/yj-scripts/_build/bin/yj_scripts_common.cmxs"
"built_lib_yj_scripts_common" "/home/cpiccion/workspace/yj-scripts/_build/bin/shell_utils.cmt"
"built_lib_yj_scripts_common" "/home/cpiccion/workspace/yj-scripts/_build/bin/shell_utils.annot"
"built_lib_yj_scripts_common" "/home/cpiccion/workspace/yj-scripts/_build/bin/yj_scripts_common.cmx"
"built_lib_yj_scripts_common" "/home/cpiccion/workspace/yj-scripts/_build/bin/yj_scripts_common.cmx"
"is_built_exec_git_clean_repo" "true"
"built_exec_git_clean_repo" "/home/cpiccion/workspace/yj-scripts/_build/bin/git_repo_clean.byte"
"is_built_lib_yj_scripts_common" "true"
"built_lib_yj_scripts_common" "/home/cpiccion/workspace/yj-scripts/_build/bin/yj_scripts_common.cmt"
"built_lib_yj_scripts_common" "/home/cpiccion/workspace/yj-scripts/_build/bin/yj_scripts_common.cmi"
"built_lib_yj_scripts_common" "/home/cpiccion/workspace/yj-scripts/_build/bin/yj_scripts_common.cma"
"built_lib_yj_scripts_common" "/home/cpiccion/workspace/yj-scripts/_build/bin/yj_scripts_common.cmxa"
"built_lib_yj_scripts_common" "/home/cpiccion/workspace/yj-scripts/_build/bin/yj_scripts_common.a"
"built_lib_yj_scripts_common" "/home/cpiccion/workspace/yj-scripts/_build/bin/yj_scripts_common.cmt"
"built_lib_yj_scripts_common" "/home/cpiccion/workspace/yj-scripts/_build/bin/yj_scripts_common.cmi"
"built_lib_yj_scripts_common" "/home/cpiccion/workspace/yj-scripts/_build/bin/yj_scripts_common.cmxs"
"built_lib_yj_scripts_common" "/home/cpiccion/workspace/yj-scripts/_build/bin/shell_utils.cmt"
"built_lib_yj_scripts_common" "/home/cpiccion/workspace/yj-scripts/_build/bin/shell_utils.annot"
"built_lib_yj_scripts_common" "/home/cpiccion/workspace/yj-scripts/_build/bin/yj_scripts_common.cmx"
"built_lib_yj_scripts_common" "/home/cpiccion/workspace/yj-scripts/_build/bin/yj_scripts_common.cmx"
"is_built_exec_git_clean_repo" "true"
"built_exec_git_clean_repo" "/home/cpiccion/workspace/yj-scripts/_build/bin/git_repo_clean.byte"
"is_built_lib_yj_scripts_common" "true"
"built_lib_yj_scripts_common" "/home/cpiccion/workspace/yj-scripts/_build/bin/yj_scripts_common.cmt"
"built_lib_yj_scripts_common" "/home/cpiccion/workspace/yj-scripts/_build/bin/yj_scripts_common.cmi"
"built_lib_yj_scripts_common" "/home/cpiccion/workspace/yj-scripts/_build/bin/yj_scripts_common.cma"
"built_lib_yj_scripts_common" "/home/cpiccion/workspace/yj-scripts/_build/bin/yj_scripts_common.cmxa"
"built_lib_yj_scripts_common" "/home/cpiccion/workspace/yj-scripts/_build/bin/yj_scripts_common.a"
"built_lib_yj_scripts_common" "/home/cpiccion/workspace/yj-scripts/_build/bin/yj_scripts_common.cmt"
"built_lib_yj_scripts_common" "/home/cpiccion/workspace/yj-scripts/_build/bin/yj_scripts_common.cmi"
"built_lib_yj_scripts_common" "/home/cpiccion/workspace/yj-scripts/_build/bin/yj_scripts_common.cmxs"
"built_lib_yj_scripts_common" "/home/cpiccion/workspace/yj-scripts/_build/bin/shell_utils.cmt"
"built_lib_yj_scripts_common" "/home/cpiccion/workspace/yj-scripts/_build/bin/shell_utils.annot"
"built_lib_yj_scripts_common" "/home/cpiccion/workspace/yj-scripts/_build/bin/yj_scripts_common.cmx"
"built_lib_yj_scripts_common" "/home/cpiccion/workspace/yj-scripts/_build/bin/yj_scripts_common.cmx"
"is_built_exec_git_clean_repo" "true"
"built_exec_git_clean_repo" "/home/cpiccion/workspace/yj-scripts/_build/bin/git_repo_clean.byte"
"is_built_lib_yj_scripts_common" "true"
"built_lib_yj_scripts_common" "/home/cpiccion/workspace/yj-scripts/_build/bin/yj_scripts_common.cmt"
"built_lib_yj_scripts_common" "/home/cpiccion/workspace/yj-scripts/_build/bin/yj_scripts_common.cmi"
"built_lib_yj_scripts_common" "/home/cpiccion/workspace/yj-scripts/_build/bin/yj_scripts_common.cma"
"built_lib_yj_scripts_common" "/home/cpiccion/workspace/yj-scripts/_build/bin/yj_scripts_common.cmxa"
"built_lib_yj_scripts_common" "/home/cpiccion/workspace/yj-scripts/_build/bin/yj_scripts_common.a"
"built_lib_yj_scripts_common" "/home/cpiccion/workspace/yj-scripts/_build/bin/yj_scripts_common.cmt"
"built_lib_yj_scripts_common" "/home/cpiccion/workspace/yj-scripts/_build/bin/yj_scripts_common.cmi"
"built_lib_yj_scripts_common" "/home/cpiccion/workspace/yj-scripts/_build/bin/yj_scripts_common.cmxs"
"built_lib_yj_scripts_common" "/home/cpiccion/workspace/yj-scripts/_build/bin/shell_utils.cmt"
"built_lib_yj_scripts_common" "/home/cpiccion/workspace/yj-scripts/_build/bin/shell_utils.annot"
"built_lib_yj_scripts_common" "/home/cpiccion/workspace/yj-scripts/_build/bin/yj_scripts_common.cmx"
"built_lib_yj_scripts_common" "/home/cpiccion/workspace/yj-scripts/_build/bin/yj_scripts_common.cmx"
"is_built_exec_git_clean_repo" "true"
"built_exec_git_clean_repo" "/home/cpiccion/workspace/yj-scripts/_build/bin/git_repo_clean.byte"
"is_built_lib_yj_scripts_common" "true"
"built_lib_yj_scripts_common" "/home/cpiccion/workspace/yj-scripts/_build/bin/yj_scripts_common.cmt"
"built_lib_yj_scripts_common" "/home/cpiccion/workspace/yj-scripts/_build/bin/yj_scripts_common.cmi"
"built_lib_yj_scripts_common" "/home/cpiccion/workspace/yj-scripts/_build/bin/yj_scripts_common.cma"
"built_lib_yj_scripts_common" "/home/cpiccion/workspace/yj-scripts/_build/bin/yj_scripts_common.cmxa"
"built_lib_yj_scripts_common" "/home/cpiccion/workspace/yj-scripts/_build/bin/yj_scripts_common.a"
"built_lib_yj_scripts_common" "/home/cpiccion/workspace/yj-scripts/_build/bin/yj_scripts_common.cmt"
"built_lib_yj_scripts_common" "/home/cpiccion/workspace/yj-scripts/_build/bin/yj_scripts_common.cmi"
"built_lib_yj_scripts_common" "/home/cpiccion/workspace/yj-scripts/_build/bin/yj_scripts_common.cmxs"
"built_lib_yj_scripts_common" "/home/cpiccion/workspace/yj-scripts/_build/bin/shell_utils.cmt"
"built_lib_yj_scripts_common" "/home/cpiccion/workspace/yj-scripts/_build/bin/shell_utils.annot"
"built_lib_yj_scripts_common" "/home/cpiccion/workspace/yj-scripts/_build/bin/yj_scripts_common.cmx"
"built_lib_yj_scripts_common" "/home/cpiccion/workspace/yj-scripts/_build/bin/yj_scripts_common.cmx"
"is_built_exec_git_clean_repo" "true"
"built_exec_git_clean_repo" "/home/cpiccion/workspace/yj-scripts/_build/bin/git_repo_clean.byte"
"is_built_lib_yj_scripts_common" "true"
"built_lib_yj_scripts_common" "/home/cpiccion/workspace/yj-scripts/_build/bin/yj_scripts_common.cmt"
"built_lib_yj_scripts_common" "/home/cpiccion/workspace/yj-scripts/_build/bin/yj_scripts_common.cmi"
"built_lib_yj_scripts_common" "/home/cpiccion/workspace/yj-scripts/_build/bin/yj_scripts_common.cma"
"built_lib_yj_scripts_common" "/home/cpiccion/workspace/yj-scripts/_build/bin/yj_scripts_common.cmxa"
"built_lib_yj_scripts_common" "/home/cpiccion/workspace/yj-scripts/_build/bin/yj_scripts_common.a"
"built_lib_yj_scripts_common" "/home/cpiccion/workspace/yj-scripts/_build/bin/yj_scripts_common.cmt"
"built_lib_yj_scripts_common" "/home/cpiccion/workspace/yj-scripts/_build/bin/yj_scripts_common.cmi"
"built_lib_yj_scripts_common" "/home/cpiccion/workspace/yj-scripts/_build/bin/yj_scripts_common.cmxs"
"built_lib_yj_scripts_common" "/home/cpiccion/workspace/yj-scripts/_build/bin/shell_utils.cmt"
"built_lib_yj_scripts_common" "/home/cpiccion/workspace/yj-scripts/_build/bin/shell_utils.annot"
"built_lib_yj_scripts_common" "/home/cpiccion/workspace/yj-scripts/_build/bin/yj_scripts_common.cmx"
"built_lib_yj_scripts_common" "/home/cpiccion/workspace/yj-scripts/_build/bin/yj_scripts_common.cmx"
"is_built_exec_git_clean_repo" "true"
"built_exec_git_clean_repo" "/home/cpiccion/workspace/yj-scripts/_build/bin/git_repo_clean.byte"
"is_built_lib_yj_scripts_common" "true"
"built_lib_yj_scripts_common" "/home/cpiccion/workspace/yj-scripts/_build/bin/yj_scripts_common.cmt"
"built_lib_yj_scripts_common" "/home/cpiccion/workspace/yj-scripts/_build/bin/yj_scripts_common.cmi"
"built_lib_yj_scripts_common" "/home/cpiccion/workspace/yj-scripts/_build/bin/yj_scripts_common.cma"
"built_lib_yj_scripts_common" "/home/cpiccion/workspace/yj-scripts/_build/bin/yj_scripts_common.cmxa"
"built_lib_yj_scripts_common" "/home/cpiccion/workspace/yj-scripts/_build/bin/yj_scripts_common.a"
"built_lib_yj_scripts_common" "/home/cpiccion/workspace/yj-scripts/_build/bin/yj_scripts_common.cmt"
"built_lib_yj_scripts_common" "/home/cpiccion/workspace/yj-scripts/_build/bin/yj_scripts_common.cmi"
"built_lib_yj_scripts_common" "/home/cpiccion/workspace/yj-scripts/_build/bin/yj_scripts_common.cmxs"
"built_lib_yj_scripts_common" "/home/cpiccion/workspace/yj-scripts/_build/bin/shell_utils.cmt"
"built_lib_yj_scripts_common" "/home/cpiccion/workspace/yj-scripts/_build/bin/shell_utils.annot"
"built_lib_yj_scripts_common" "/home/cpiccion/workspace/yj-scripts/_build/bin/yj_scripts_common.cmx"
"built_lib_yj_scripts_common" "/home/cpiccion/workspace/yj-scripts/_build/bin/yj_scripts_common.cmx"
"is_built_exec_git_clean_repo" "true"
"built_exec_git_clean_repo" "/home/cpiccion/workspace/yj-scripts/_build/bin/git_repo_clean.byte"
"is_built_lib_yj_scripts_common" "true"
"built_lib_yj_scripts_common" "/home/cpiccion/workspace/yj-scripts/_build/bin/yj_scripts_common.cmt"
"built_lib_yj_scripts_common" "/home/cpiccion/workspace/yj-scripts/_build/bin/yj_scripts_common.cmi"
"built_lib_yj_scripts_common" "/home/cpiccion/workspace/yj-scripts/_build/bin/yj_scripts_common.cma"
"built_lib_yj_scripts_common" "/home/cpiccion/workspace/yj-scripts/_build/bin/yj_scripts_common.cmxa"
"built_lib_yj_scripts_common" "/home/cpiccion/workspace/yj-scripts/_build/bin/yj_scripts_common.a"
"built_lib_yj_scripts_common" "/home/cpiccion/workspace/yj-scripts/_build/bin/yj_scripts_common.cmt"
"built_lib_yj_scripts_common" "/home/cpiccion/workspace/yj-scripts/_build/bin/yj_scripts_common.cmi"
"built_lib_yj_scripts_common" "/home/cpiccion/workspace/yj-scripts/_build/bin/yj_scripts_common.cmxs"
"built_lib_yj_scripts_common" "/home/cpiccion/workspace/yj-scripts/_build/bin/shell_utils.cmt"
"built_lib_yj_scripts_common" "/home/cpiccion/workspace/yj-scripts/_build/bin/shell_utils.annot"
"built_lib_yj_scripts_common" "/home/cpiccion/workspace/yj-scripts/_build/bin/yj_scripts_common.cmx"
"built_lib_yj_scripts_common" "/home/cpiccion/workspace/yj-scripts/_build/bin/yj_scripts_common.cmx"
"is_built_exec_git_clean_repo" "true"
"built_exec_git_clean_repo" "/home/cpiccion/workspace/yj-scripts/_build/bin/git_repo_clean.byte"
"is_built_lib_yj_scripts_common" "true"
"built_lib_yj_scripts_common" "/home/cpiccion/workspace/yj-scripts/_build/bin/yj_scripts_common.cmt"
"built_lib_yj_scripts_common" "/home/cpiccion/workspace/yj-scripts/_build/bin/yj_scripts_common.cmi"
"built_lib_yj_scripts_common" "/home/cpiccion/workspace/yj-scripts/_build/bin/yj_scripts_common.cma"
"built_lib_yj_scripts_common" "/home/cpiccion/workspace/yj-scripts/_build/bin/yj_scripts_common.cmxa"
"built_lib_yj_scripts_common" "/home/cpiccion/workspace/yj-scripts/_build/bin/yj_scripts_common.a"
"built_lib_yj_scripts_common" "/home/cpiccion/workspace/yj-scripts/_build/bin/yj_scripts_common.cmt"
"built_lib_yj_scripts_common" "/home/cpiccion/workspace/yj-scripts/_build/bin/yj_scripts_common.cmi"
"built_lib_yj_scripts_common" "/home/cpiccion/workspace/yj-scripts/_build/bin/yj_scripts_common.cmxs"
"built_lib_yj_scripts_common" "/home/cpiccion/workspace/yj-scripts/_build/bin/shell_utils.cmt"
"built_lib_yj_scripts_common" "/home/cpiccion/workspace/yj-scripts/_build/bin/shell_utils.annot"
"built_lib_yj_scripts_common" "/home/cpiccion/workspace/yj-scripts/_build/bin/yj_scripts_common.cmx"
"built_lib_yj_scripts_common" "/home/cpiccion/workspace/yj-scripts/_build/bin/yj_scripts_common.cmx"
"is_built_exec_git_clean_repo" "true"
"built_exec_git_clean_repo" "/home/cpiccion/workspace/yj-scripts/_build/bin/git_repo_clean.byte"
"is_built_lib_yj_scripts_common" "true"
"built_lib_yj_scripts_common" "/home/cpiccion/workspace/yj-scripts/_build/bin/yj_scripts_common.cmt"
"built_lib_yj_scripts_common" "/home/cpiccion/workspace/yj-scripts/_build/bin/yj_scripts_common.cmi"
"built_lib_yj_scripts_common" "/home/cpiccion/workspace/yj-scripts/_build/bin/yj_scripts_common.cma"
"built_lib_yj_scripts_common" "/home/cpiccion/workspace/yj-scripts/_build/bin/yj_scripts_common.cmxa"
"built_lib_yj_scripts_common" "/home/cpiccion/workspace/yj-scripts/_build/bin/yj_scripts_common.a"
"built_lib_yj_scripts_common" "/home/cpiccion/workspace/yj-scripts/_build/bin/yj_scripts_common.cmt"
"built_lib_yj_scripts_common" "/home/cpiccion/workspace/yj-scripts/_build/bin/yj_scripts_common.cmi"
"built_lib_yj_scripts_common" "/home/cpiccion/workspace/yj-scripts/_build/bin/yj_scripts_common.cmxs"
"built_lib_yj_scripts_common" "/home/cpiccion/workspace/yj-scripts/_build/bin/shell_utils.cmt"
"built_lib_yj_scripts_common" "/home/cpiccion/workspace/yj-scripts/_build/bin/shell_utils.annot"
"built_lib_yj_scripts_common" "/home/cpiccion/workspace/yj-scripts/_build/bin/yj_scripts_common.cmx"
"built_lib_yj_scripts_common" "/home/cpiccion/workspace/yj-scripts/_build/bin/yj_scripts_common.cmx"
"is_built_exec_git_clean_repo" "true"
"built_exec_git_clean_repo" "/home/cpiccion/workspace/yj-scripts/_build/bin/git_repo_clean.byte"
"is_built_lib_yj_scripts_common" "true"
"built_lib_yj_scripts_common" "/home/cpiccion/workspace/yj-scripts/_build/bin/yj_scripts_common.cmt"
"built_lib_yj_scripts_common" "/home/cpiccion/workspace/yj-scripts/_build/bin/yj_scripts_common.cmi"
"built_lib_yj_scripts_common" "/home/cpiccion/workspace/yj-scripts/_build/bin/yj_scripts_common.cma"
"built_lib_yj_scripts_common" "/home/cpiccion/workspace/yj-scripts/_build/bin/yj_scripts_common.cmxa"
"built_lib_yj_scripts_common" "/home/cpiccion/workspace/yj-scripts/_build/bin/yj_scripts_common.a"
"built_lib_yj_scripts_common" "/home/cpiccion/workspace/yj-scripts/_build/bin/yj_scripts_common.cmt"
"built_lib_yj_scripts_common" "/home/cpiccion/workspace/yj-scripts/_build/bin/yj_scripts_common.cmi"
"built_lib_yj_scripts_common" "/home/cpiccion/workspace/yj-scripts/_build/bin/yj_scripts_common.cmxs"
"built_lib_yj_scripts_common" "/home/cpiccion/workspace/yj-scripts/_build/bin/shell_utils.cmt"
"built_lib_yj_scripts_common" "/home/cpiccion/workspace/yj-scripts/_build/bin/shell_utils.annot"
"built_lib_yj_scripts_common" "/home/cpiccion/workspace/yj-scripts/_build/bin/yj_scripts_common.cmx"
"built_lib_yj_scripts_common" "/home/cpiccion/workspace/yj-scripts/_build/bin/yj_scripts_common.cmx"
"is_built_exec_git_clean_repo" "true"
"built_exec_git_clean_repo" "/home/cpiccion/workspace/yj-scripts/_build/bin/git_repo_clean.byte"
"is_built_lib_yj_scripts_common" "true"
"built_lib_yj_scripts_common" "/home/cpiccion/workspace/yj-scripts/_build/bin/yj_scripts_common.cmt"
"built_lib_yj_scripts_common" "/home/cpiccion/workspace/yj-scripts/_build/bin/yj_scripts_common.cmi"
"built_lib_yj_scripts_common" "/home/cpiccion/workspace/yj-scripts/_build/bin/yj_scripts_common.cma"
"built_lib_yj_scripts_common" "/home/cpiccion/workspace/yj-scripts/_build/bin/yj_scripts_common.cmxa"
"built_lib_yj_scripts_common" "/home/cpiccion/workspace/yj-scripts/_build/bin/yj_scripts_common.a"
"built_lib_yj_scripts_common" "/home/cpiccion/workspace/yj-scripts/_build/bin/yj_scripts_common.cmt"
"built_lib_yj_scripts_common" "/home/cpiccion/workspace/yj-scripts/_build/bin/yj_scripts_common.cmi"
"built_lib_yj_scripts_common" "/home/cpiccion/workspace/yj-scripts/_build/bin/yj_scripts_common.cmxs"
"built_lib_yj_scripts_common" "/home/cpiccion/workspace/yj-scripts/_build/bin/shell_utils.cmt"
"built_lib_yj_scripts_common" "/home/cpiccion/workspace/yj-scripts/_build/bin/shell_utils.annot"
"built_lib_yj_scripts_common" "/home/cpiccion/workspace/yj-scripts/_build/bin/yj_scripts_common.cmx"
"built_lib_yj_scripts_common" "/home/cpiccion/workspace/yj-scripts/_build/bin/yj_scripts_common.cmx"
"is_built_exec_git_clean_repo" "true"
"built_exec_git_clean_repo" "/home/cpiccion/workspace/yj-scripts/_build/bin/git_repo_clean.byte"
"is_built_lib_yj_scripts_common" "true"
"built_lib_yj_scripts_common" "/home/cpiccion/workspace/yj-scripts/_build/bin/yj_scripts_common.cmt"
"built_lib_yj_scripts_common" "/home/cpiccion/workspace/yj-scripts/_build/bin/yj_scripts_common.cmi"
"built_lib_yj_scripts_common" "/home/cpiccion/workspace/yj-scripts/_build/bin/yj_scripts_common.cma"
"built_lib_yj_scripts_common" "/home/cpiccion/workspace/yj-scripts/_build/bin/yj_scripts_common.cmxa"
"built_lib_yj_scripts_common" "/home/cpiccion/workspace/yj-scripts/_build/bin/yj_scripts_common.a"
"built_lib_yj_scripts_common" "/home/cpiccion/workspace/yj-scripts/_build/bin/yj_scripts_common.cmt"
"built_lib_yj_scripts_common" "/home/cpiccion/workspace/yj-scripts/_build/bin/yj_scripts_common.cmi"
"built_lib_yj_scripts_common" "/home/cpiccion/workspace/yj-scripts/_build/bin/yj_scripts_common.cmxs"
"built_lib_yj_scripts_common" "/home/cpiccion/workspace/yj-scripts/_build/bin/shell_utils.cmt"
"built_lib_yj_scripts_common" "/home/cpiccion/workspace/yj-scripts/_build/bin/shell_utils.annot"
"built_lib_yj_scripts_common" "/home/cpiccion/workspace/yj-scripts/_build/bin/yj_scripts_common.cmx"
"built_lib_yj_scripts_common" "/home/cpiccion/workspace/yj-scripts/_build/bin/yj_scripts_common.cmx"
"is_built_exec_git_clean_repo" "true"
"built_exec_git_clean_repo" "/home/cpiccion/workspace/yj-scripts/_build/bin/git_repo_clean.byte"
"is_built_lib_yj_scripts_common" "true"
"built_lib_yj_scripts_common" "/home/cpiccion/workspace/yj-scripts/_build/bin/yj_scripts_common.cmt"
"built_lib_yj_scripts_common" "/home/cpiccion/workspace/yj-scripts/_build/bin/yj_scripts_common.cmi"
"built_lib_yj_scripts_common" "/home/cpiccion/workspace/yj-scripts/_build/bin/yj_scripts_common.cma"
"built_lib_yj_scripts_common" "/home/cpiccion/workspace/yj-scripts/_build/bin/yj_scripts_common.cmxa"
"built_lib_yj_scripts_common" "/home/cpiccion/workspace/yj-scripts/_build/bin/yj_scripts_common.a"
"built_lib_yj_scripts_common" "/home/cpiccion/workspace/yj-scripts/_build/bin/yj_scripts_common.cmt"
"built_lib_yj_scripts_common" "/home/cpiccion/workspace/yj-scripts/_build/bin/yj_scripts_common.cmi"
"built_lib_yj_scripts_common" "/home/cpiccion/workspace/yj-scripts/_build/bin/yj_scripts_common.cmxs"
"built_lib_yj_scripts_common" "/home/cpiccion/workspace/yj-scripts/_build/bin/shell_utils.cmt"
"built_lib_yj_scripts_common" "/home/cpiccion/workspace/yj-scripts/_build/bin/shell_utils.annot"
"built_lib_yj_scripts_common" "/home/cpiccion/workspace/yj-scripts/_build/bin/yj_scripts_common.cmx"
"built_lib_yj_scripts_common" "/home/cpiccion/workspace/yj-scripts/_build/bin/yj_scripts_common.cmx"
"is_built_exec_git_clean_repo" "true"
"built_exec_git_clean_repo" "/home/cpiccion/workspace/yj-scripts/_build/bin/git_repo_clean.byte"
"is_built_lib_yj_scripts_common" "true"
"built_lib_yj_scripts_common" "/home/cpiccion/workspace/yj-scripts/_build/bin/yj_scripts_common.cmt"
"built_lib_yj_scripts_common" "/home/cpiccion/workspace/yj-scripts/_build/bin/yj_scripts_common.cmi"
"built_lib_yj_scripts_common" "/home/cpiccion/workspace/yj-scripts/_build/bin/yj_scripts_common.cma"
"built_lib_yj_scripts_common" "/home/cpiccion/workspace/yj-scripts/_build/bin/yj_scripts_common.cmxa"
"built_lib_yj_scripts_common" "/home/cpiccion/workspace/yj-scripts/_build/bin/yj_scripts_common.a"
"built_lib_yj_scripts_common" "/home/cpiccion/workspace/yj-scripts/_build/bin/yj_scripts_common.cmt"
"built_lib_yj_scripts_common" "/home/cpiccion/workspace/yj-scripts/_build/bin/yj_scripts_common.cmi"
"built_lib_yj_scripts_common" "/home/cpiccion/workspace/yj-scripts/_build/bin/yj_scripts_common.cmxs"
"built_lib_yj_scripts_common" "/home/cpiccion/workspace/yj-scripts/_build/bin/shell_utils.cmt"
"built_lib_yj_scripts_common" "/home/cpiccion/workspace/yj-scripts/_build/bin/shell_utils.annot"
"built_lib_yj_scripts_common" "/home/cpiccion/workspace/yj-scripts/_build/bin/yj_scripts_common.cmx"
"built_lib_yj_scripts_common" "/home/cpiccion/workspace/yj-scripts/_build/bin/yj_scripts_common.cmx"
"is_built_exec_git_clean_repo" "true"
"built_exec_git_clean_repo" "/home/cpiccion/workspace/yj-scripts/_build/bin/git_repo_clean.byte"
"is_built_lib_yj_scripts_common" "true"
"built_lib_yj_scripts_common" "/home/cpiccion/workspace/yj-scripts/_build/bin/yj_scripts_common.cmt"
"built_lib_yj_scripts_common" "/home/cpiccion/workspace/yj-scripts/_build/bin/yj_scripts_common.cmi"
"built_lib_yj_scripts_common" "/home/cpiccion/workspace/yj-scripts/_build/bin/yj_scripts_common.cma"
"built_lib_yj_scripts_common" "/home/cpiccion/workspace/yj-scripts/_build/bin/yj_scripts_common.cmxa"
"built_lib_yj_scripts_common" "/home/cpiccion/workspace/yj-scripts/_build/bin/yj_scripts_common.a"
"built_lib_yj_scripts_common" "/home/cpiccion/workspace/yj-scripts/_build/bin/yj_scripts_common.cmt"
"built_lib_yj_scripts_common" "/home/cpiccion/workspace/yj-scripts/_build/bin/yj_scripts_common.cmi"
"built_lib_yj_scripts_common" "/home/cpiccion/workspace/yj-scripts/_build/bin/yj_scripts_common.cmxs"
"built_lib_yj_scripts_common" "/home/cpiccion/workspace/yj-scripts/_build/bin/shell_utils.cmt"
"built_lib_yj_scripts_common" "/home/cpiccion/workspace/yj-scripts/_build/bin/shell_utils.annot"
"built_lib_yj_scripts_common" "/home/cpiccion/workspace/yj-scripts/_build/bin/yj_scripts_common.cmx"
"built_lib_yj_scripts_common" "/home/cpiccion/workspace/yj-scripts/_build/bin/yj_scripts_common.cmx"
"is_built_exec_git_clean_repo" "true"
"built_exec_git_clean_repo" "/home/cpiccion/workspace/yj-scripts/_build/bin/git_repo_clean.byte"
